<?xml version="1.0" encoding="UTF-8"?>
<!-- Generated by org.testng.reporters.JUnitXMLReporter -->
<testsuite ignored="0" hostname="IM-RT-LP-621" failures="0" tests="9" name="Default test" time="42.82" errors="0" timestamp="2023-06-16T22:07:03 IST">
  <testcase classname="testcases.IphoneBuyTest" name="Search" time="3.307"/>
  <testcase classname="testcases.IphoneBuyTest" name="ClickOnSearch" time="3.474"/>
  <testcase classname="testcases.IphoneBuyTest" name="iPhonetab" time="3.8"/>
  <testcase classname="testcases.IphoneBuyTest" name="previewOfIphone" time="3.129"/>
  <testcase classname="testcases.IphoneBuyTest" name="clickNextButton" time="10.38"/>
  <testcase classname="testcases.IphoneBuyTest" name="closePriviewbutton" time="3.109"/>
  <testcase classname="testcases.IphoneBuyTest" name="AddToCart" time="2.083"/>
  <testcase classname="testcases.IphoneBuyTest" name="cart" time="2.089"/>
  <testcase classname="testcases.IphoneBuyTest" name="buyProduct" time="2.657"/>
</testsuite> <!-- Default test -->
