<?xml version="1.0" encoding="UTF-8"?>
<!-- Generated by org.testng.reporters.JUnitXMLReporter -->
<testsuite ignored="0" hostname="IM-RT-LP-621" failures="1" tests="8" name="Test" time="21.654" errors="0" timestamp="2023-06-07T20:29:17 IST">
  <testcase classname="testcases.MyOrdersTest" name="MyOrder" time="0.096"/>
  <testcase classname="testcases.MyOrdersTest" name="download" time="0.173"/>
  <testcase classname="testcases.MyOrdersTest" name="recurringPayment" time="0.126"/>
  <testcase classname="testcases.MyOrdersTest" name="viewYourReturnReque" time="0.104">
    <failure type="java.lang.AssertionError" message="expected [viewYourReturnRequest] but found [View your return requests]">
      <![CDATA[java.lang.AssertionError: expected [viewYourReturnRequest] but found [View your return requests]
at testcases.MyOrdersTest.viewYourReturnReque(MyOrdersTest.java:72)
at java.base/java.util.ArrayList.forEach(ArrayList.java:1511)
... Removed 33 stack frames]]>
    </failure>
  </testcase> <!-- viewYourReturnReque -->
  <testcase classname="testcases.MyOrdersTest" name="viewYourReturnRequest" time="0.112"/>
  <testcase classname="testcases.MyOrdersTest" name="viewyourorderhis" time="0.098"/>
  <testcase classname="testcases.MyOrdersTest" name="yourRewardPoint" time="0.091"/>
  <testcase classname="testcases.MyOrdersTest" name="yourTransactions" time="0.103"/>
</testsuite> <!-- Test -->
