<?xml version="1.0" encoding="UTF-8"?>
<!-- Generated by org.testng.reporters.JUnitXMLReporter -->
<testsuite ignored="0" hostname="IM-RT-LP-621" failures="6" tests="38" name="Test" time="116.76" errors="0" timestamp="2023-06-16T22:11:16 IST">
  <testcase classname="testcases.MyOrdersTest" name="MyOrder" time="0.555"/>
  <testcase classname="testcases.MyOrdersTest" name="download" time="0.573"/>
  <testcase classname="testcases.MyOrdersTest" name="recurringPayment" time="0.292"/>
  <testcase classname="testcases.AffiliateTest" name="Affiliatei" time="0.521"/>
  <testcase classname="testcases.MyOrdersTest" name="viewYourReturnReque" time="0.596">
    <failure type="java.lang.AssertionError" message="expected [viewYourReturnRequest] but found [View your return requests]">
      <![CDATA[java.lang.AssertionError: expected [viewYourReturnRequest] but found [View your return requests]
at testcases.MyOrdersTest.viewYourReturnReque(MyOrdersTest.java:72)
at java.base/java.util.concurrent.ThreadPoolExecutor.runWorker(ThreadPoolExecutor.java:1136)
at java.base/java.util.concurrent.ThreadPoolExecutor$Worker.run(ThreadPoolExecutor.java:635)
at java.base/java.lang.Thread.run(Thread.java:833)
... Removed 18 stack frames]]>
    </failure>
  </testcase> <!-- viewYourReturnReque -->
  <testcase classname="testcases.MyOrdersTest" name="viewYourReturnRequest" time="0.301"/>
  <testcase classname="testcases.AffiliateTest" name="regisTer" time="0.974">
    <failure type="java.lang.AssertionError" message="expected [Register for an affiliate accoun] but found [Register for an affiliate account]">
      <![CDATA[java.lang.AssertionError: expected [Register for an affiliate accoun] but found [Register for an affiliate account]
at testcases.AffiliateTest.regisTer(AffiliateTest.java:24)
at java.base/java.util.concurrent.ThreadPoolExecutor.runWorker(ThreadPoolExecutor.java:1136)
at java.base/java.util.concurrent.ThreadPoolExecutor$Worker.run(ThreadPoolExecutor.java:635)
at java.base/java.lang.Thread.run(Thread.java:833)
... Removed 18 stack frames]]>
    </failure>
  </testcase> <!-- regisTer -->
  <testcase classname="testcases.MyOrdersTest" name="viewyourorderhis" time="0.603"/>
  <testcase classname="testcases.MyOrdersTest" name="yourRewardPoint" time="0.344"/>
  <testcase classname="testcases.MyOrdersTest" name="yourTransactions" time="0.454"/>
  <testcase classname="testcases.DashBoardTest" name="camera" time="2.216"/>
  <testcase classname="testcases.MyAccountModulTest" name="MyAccountModuleTest" time="0.613"/>
  <testcase classname="testcases.MyAccountModulTest" name="addressbook" time="0.359"/>
  <testcase classname="testcases.MyAccountModulTest" name="editinformation" time="0.197">
    <failure type="java.lang.AssertionError" message="expected [Modify your address book entries] but found [Edit your account information]">
      <![CDATA[java.lang.AssertionError: expected [Modify your address book entries] but found [Edit your account information]
at testcases.MyAccountModulTest.editinformation(MyAccountModulTest.java:27)
at java.base/java.util.concurrent.ThreadPoolExecutor.runWorker(ThreadPoolExecutor.java:1136)
at java.base/java.util.concurrent.ThreadPoolExecutor$Worker.run(ThreadPoolExecutor.java:635)
at java.base/java.lang.Thread.run(Thread.java:833)
... Removed 18 stack frames]]>
    </failure>
  </testcase> <!-- editinformation -->
  <testcase classname="testcases.MyAccountModulTest" name="wishlist" time="0.349"/>
  <testcase classname="testcases.LogInPageTest" name="LogInPager" time="3.157"/>
  <testcase classname="testcases.LogInPageTest" name="cameras" time="3.26"/>
  <testcase classname="testcases.LogInPageTest" name="components" time="3.392"/>
  <testcase classname="testcases.LogInPageTest" name="desktopButto" time="3.942"/>
  <testcase classname="testcases.LogInPageTest" name="laptopsandNotebooks" time="3.224"/>
  <testcase classname="testcases.LogInPageTest" name="mp3Players" time="4.231"/>
  <testcase classname="testcases.LogInPageTest" name="phonesandPdas" time="4.14"/>
  <testcase classname="testcases.LogInPageTest" name="software" time="0.131">
    <failure type="java.lang.AssertionError" message="expected [true] but found [false]">
      <![CDATA[java.lang.AssertionError: expected [true] but found [false]
at testcases.LogInPageTest.software(LogInPageTest.java:58)
at java.base/java.util.concurrent.ThreadPoolExecutor.runWorker(ThreadPoolExecutor.java:1136)
at java.base/java.util.concurrent.ThreadPoolExecutor$Worker.run(ThreadPoolExecutor.java:635)
at java.base/java.lang.Thread.run(Thread.java:833)
... Removed 16 stack frames]]>
    </failure>
  </testcase> <!-- software -->
  <testcase classname="testcases.LogInPageTest" name="tablets" time="0.141">
    <failure type="java.lang.AssertionError" message="expected [true] but found [false]">
      <![CDATA[java.lang.AssertionError: expected [true] but found [false]
at testcases.LogInPageTest.tablets(LogInPageTest.java:51)
at java.base/java.util.concurrent.ThreadPoolExecutor.runWorker(ThreadPoolExecutor.java:1136)
at java.base/java.util.concurrent.ThreadPoolExecutor$Worker.run(ThreadPoolExecutor.java:635)
at java.base/java.lang.Thread.run(Thread.java:833)
... Removed 16 stack frames]]>
    </failure>
  </testcase> <!-- tablets -->
  <testcase classname="testcases.NewsletterTest" name="newsletter" time="0.314"/>
  <testcase classname="testcases.NewsletterTest" name="subscribeUnsuscribe" time="0.246"/>
  <testcase classname="testcases.CameraTabTest" name="cameraTab" time="0.907"/>
  <testcase classname="testcases.IphoneBuyTest" name="Search" time="3.73"/>
  <testcase classname="testcases.IphoneBuyTest" name="ClickOnSearch" time="3.673"/>
  <testcase classname="testcases.NewsletterTest" name="subscribeclick" time="7.006"/>
  <testcase classname="testcases.NewsletterTest" name="unsuscribe" time="0.183">
    <failure type="java.lang.AssertionError" message="expected [Subscribe / unsubscribe to newslette] but found [Subscribe / unsubscribe to newsletter]">
      <![CDATA[java.lang.AssertionError: expected [Subscribe / unsubscribe to newslette] but found [Subscribe / unsubscribe to newsletter]
at testcases.NewsletterTest.unsuscribe(NewsletterTest.java:31)
at java.base/java.util.concurrent.ThreadPoolExecutor.runWorker(ThreadPoolExecutor.java:1136)
at java.base/java.util.concurrent.ThreadPoolExecutor$Worker.run(ThreadPoolExecutor.java:635)
at java.base/java.lang.Thread.run(Thread.java:833)
... Removed 18 stack frames]]>
    </failure>
  </testcase> <!-- unsuscribe -->
  <testcase classname="testcases.IphoneBuyTest" name="iPhonetab" time="5.604"/>
  <testcase classname="testcases.IphoneBuyTest" name="previewOfIphone" time="3.37"/>
  <testcase classname="testcases.IphoneBuyTest" name="clickNextButton" time="10.722"/>
  <testcase classname="testcases.IphoneBuyTest" name="closePriviewbutton" time="3.111"/>
  <testcase classname="testcases.IphoneBuyTest" name="AddToCart" time="2.091"/>
  <testcase classname="testcases.IphoneBuyTest" name="cart" time="2.082"/>
  <testcase classname="testcases.IphoneBuyTest" name="buyProduct" time="2.695"/>
</testsuite> <!-- Test -->
