<?xml version="1.0" encoding="UTF-8"?>
<!-- Generated by org.testng.reporters.JUnitXMLReporter -->
<testsuite ignored="0" hostname="IM-RT-LP-621" failures="6" tests="38" name="Test" time="101.104" errors="0" timestamp="2023-06-24T19:23:57 IST">
  <testcase classname="testcases.DashBoardTest" name="camera" time="1.489"/>
  <testcase classname="testcases.MyOrdersTest" name="MyOrder" time="0.637"/>
  <testcase classname="testcases.AffiliateTest" name="Affiliatei" time="0.96"/>
  <testcase classname="testcases.MyAccountModulTest" name="MyAccountModuleTest" time="0.851"/>
  <testcase classname="testcases.AffiliateTest" name="regisTer" time="0.39">
    <failure type="java.lang.AssertionError" message="expected [Register for an affiliate accoun] but found [Register for an affiliate account]">
      <![CDATA[java.lang.AssertionError: expected [Register for an affiliate accoun] but found [Register for an affiliate account]
at testcases.AffiliateTest.regisTer(AffiliateTest.java:24)
at java.base/java.util.concurrent.ThreadPoolExecutor.runWorker(ThreadPoolExecutor.java:1136)
at java.base/java.util.concurrent.ThreadPoolExecutor$Worker.run(ThreadPoolExecutor.java:635)
at java.base/java.lang.Thread.run(Thread.java:833)
... Removed 18 stack frames]]>
    </failure>
  </testcase> <!-- regisTer -->
  <testcase classname="testcases.MyOrdersTest" name="download" time="0.47"/>
  <testcase classname="testcases.MyOrdersTest" name="recurringPayment" time="0.368"/>
  <testcase classname="testcases.MyAccountModulTest" name="addressbook" time="0.7"/>
  <testcase classname="testcases.MyOrdersTest" name="viewYourReturnReque" time="0.214">
    <failure type="java.lang.AssertionError" message="expected [viewYourReturnRequest] but found [View your return requests]">
      <![CDATA[java.lang.AssertionError: expected [viewYourReturnRequest] but found [View your return requests]
at testcases.MyOrdersTest.viewYourReturnReque(MyOrdersTest.java:72)
at java.base/java.util.concurrent.ThreadPoolExecutor.runWorker(ThreadPoolExecutor.java:1136)
at java.base/java.util.concurrent.ThreadPoolExecutor$Worker.run(ThreadPoolExecutor.java:635)
at java.base/java.lang.Thread.run(Thread.java:833)
... Removed 18 stack frames]]>
    </failure>
  </testcase> <!-- viewYourReturnReque -->
  <testcase classname="testcases.MyAccountModulTest" name="editinformation" time="0.213">
    <failure type="java.lang.AssertionError" message="expected [Modify your address book entries] but found [Edit your account information]">
      <![CDATA[java.lang.AssertionError: expected [Modify your address book entries] but found [Edit your account information]
at testcases.MyAccountModulTest.editinformation(MyAccountModulTest.java:27)
at java.base/java.util.concurrent.ThreadPoolExecutor.runWorker(ThreadPoolExecutor.java:1136)
at java.base/java.util.concurrent.ThreadPoolExecutor$Worker.run(ThreadPoolExecutor.java:635)
at java.base/java.lang.Thread.run(Thread.java:833)
... Removed 18 stack frames]]>
    </failure>
  </testcase> <!-- editinformation -->
  <testcase classname="testcases.MyOrdersTest" name="viewYourReturnRequest" time="0.246"/>
  <testcase classname="testcases.MyOrdersTest" name="viewyourorderhis" time="0.219"/>
  <testcase classname="testcases.MyAccountModulTest" name="wishlist" time="0.59"/>
  <testcase classname="testcases.MyOrdersTest" name="yourRewardPoint" time="0.48"/>
  <testcase classname="testcases.MyOrdersTest" name="yourTransactions" time="0.397"/>
  <testcase classname="testcases.LogInPageTest" name="LogInPager" time="3.646"/>
  <testcase classname="testcases.LogInPageTest" name="cameras" time="3.371"/>
  <testcase classname="testcases.LogInPageTest" name="components" time="3.187"/>
  <testcase classname="testcases.LogInPageTest" name="desktopButto" time="3.925"/>
  <testcase classname="testcases.LogInPageTest" name="laptopsandNotebooks" time="3.139"/>
  <testcase classname="testcases.LogInPageTest" name="mp3Players" time="4.021"/>
  <testcase classname="testcases.NewsletterTest" name="newsletter" time="0.201"/>
  <testcase classname="testcases.NewsletterTest" name="subscribeUnsuscribe" time="0.302"/>
  <testcase classname="testcases.CameraTabTest" name="cameraTab" time="0.912"/>
  <testcase classname="testcases.LogInPageTest" name="phonesandPdas" time="3.659"/>
  <testcase classname="testcases.LogInPageTest" name="software" time="0.058">
    <failure type="java.lang.AssertionError" message="expected [true] but found [false]">
      <![CDATA[java.lang.AssertionError: expected [true] but found [false]
at testcases.LogInPageTest.software(LogInPageTest.java:58)
at java.base/java.util.concurrent.ThreadPoolExecutor.runWorker(ThreadPoolExecutor.java:1136)
at java.base/java.util.concurrent.ThreadPoolExecutor$Worker.run(ThreadPoolExecutor.java:635)
at java.base/java.lang.Thread.run(Thread.java:833)
... Removed 16 stack frames]]>
    </failure>
  </testcase> <!-- software -->
  <testcase classname="testcases.LogInPageTest" name="tablets" time="0.056">
    <failure type="java.lang.AssertionError" message="expected [true] but found [false]">
      <![CDATA[java.lang.AssertionError: expected [true] but found [false]
at testcases.LogInPageTest.tablets(LogInPageTest.java:51)
at java.base/java.util.concurrent.ThreadPoolExecutor.runWorker(ThreadPoolExecutor.java:1136)
at java.base/java.util.concurrent.ThreadPoolExecutor$Worker.run(ThreadPoolExecutor.java:635)
at java.base/java.lang.Thread.run(Thread.java:833)
... Removed 16 stack frames]]>
    </failure>
  </testcase> <!-- tablets -->
  <testcase classname="testcases.IphoneBuyTest" name="Search" time="3.406"/>
  <testcase classname="testcases.IphoneBuyTest" name="ClickOnSearch" time="3.59"/>
  <testcase classname="testcases.NewsletterTest" name="subscribeclick" time="6.975"/>
  <testcase classname="testcases.NewsletterTest" name="unsuscribe" time="0.206">
    <failure type="java.lang.AssertionError" message="expected [Subscribe / unsubscribe to newslette] but found [Subscribe / unsubscribe to newsletter]">
      <![CDATA[java.lang.AssertionError: expected [Subscribe / unsubscribe to newslette] but found [Subscribe / unsubscribe to newsletter]
at testcases.NewsletterTest.unsuscribe(NewsletterTest.java:31)
at java.base/java.util.concurrent.ThreadPoolExecutor.runWorker(ThreadPoolExecutor.java:1136)
at java.base/java.util.concurrent.ThreadPoolExecutor$Worker.run(ThreadPoolExecutor.java:635)
at java.base/java.lang.Thread.run(Thread.java:833)
... Removed 18 stack frames]]>
    </failure>
  </testcase> <!-- unsuscribe -->
  <testcase classname="testcases.IphoneBuyTest" name="iPhonetab" time="4.073"/>
  <testcase classname="testcases.IphoneBuyTest" name="previewOfIphone" time="4.545"/>
  <testcase classname="testcases.IphoneBuyTest" name="clickNextButton" time="10.953"/>
  <testcase classname="testcases.IphoneBuyTest" name="closePriviewbutton" time="3.301"/>
  <testcase classname="testcases.IphoneBuyTest" name="AddToCart" time="2.207"/>
  <testcase classname="testcases.IphoneBuyTest" name="cart" time="2.323"/>
  <testcase classname="testcases.IphoneBuyTest" name="buyProduct" time="2.984"/>
</testsuite> <!-- Test -->
