<?xml version="1.0" encoding="UTF-8"?>
<testng-results ignored="0" total="38" passed="32" failed="6" skipped="0">
  <reporter-output>
  </reporter-output>
  <suite started-at="2023-06-24T19:22:15 IST" name="Suite" finished-at="2023-06-24T19:23:56 IST" duration-ms="101104">
    <groups>
    </groups>
    <test started-at="2023-06-24T19:22:15 IST" name="Test" finished-at="2023-06-24T19:23:56 IST" duration-ms="101104">
      <class name="testcases.CameraTabTest">
        <test-method is-config="true" signature="openweb()[pri:0, instance:testcases.CameraTabTest@6e535154]" started-at="2023-06-24T19:23:03 IST" name="openweb" finished-at="2023-06-24T19:23:18 IST" duration-ms="14786" status="PASS">
          <reporter-output>
          </reporter-output>
        </test-method> <!-- openweb -->
        <test-method signature="cameraTab()[pri:0, instance:testcases.CameraTabTest@6e535154]" started-at="2023-06-24T19:23:18 IST" name="cameraTab" finished-at="2023-06-24T19:23:18 IST" duration-ms="912" status="PASS">
          <reporter-output>
          </reporter-output>
        </test-method> <!-- cameraTab -->
        <test-method is-config="true" signature="close()[pri:0, instance:testcases.CameraTabTest@6e535154]" started-at="2023-06-24T19:23:18 IST" name="close" finished-at="2023-06-24T19:23:21 IST" duration-ms="2150" status="PASS">
          <reporter-output>
          </reporter-output>
        </test-method> <!-- close -->
      </class> <!-- testcases.CameraTabTest -->
      <class name="testcases.AffiliateTest">
        <test-method is-config="true" signature="openweb()[pri:0, instance:testcases.AffiliateTest@5b38c1ec]" started-at="2023-06-24T19:22:15 IST" name="openweb" finished-at="2023-06-24T19:22:56 IST" duration-ms="40510" status="PASS">
          <reporter-output>
          </reporter-output>
        </test-method> <!-- openweb -->
        <test-method signature="Affiliatei()[pri:0, instance:testcases.AffiliateTest@5b38c1ec]" started-at="2023-06-24T19:22:56 IST" name="Affiliatei" finished-at="2023-06-24T19:22:57 IST" duration-ms="960" status="PASS">
          <reporter-output>
          </reporter-output>
        </test-method> <!-- Affiliatei -->
        <test-method signature="regisTer()[pri:0, instance:testcases.AffiliateTest@5b38c1ec]" started-at="2023-06-24T19:22:57 IST" name="regisTer" finished-at="2023-06-24T19:22:57 IST" duration-ms="390" status="FAIL">
          <exception class="java.lang.AssertionError">
            <message>
              <![CDATA[expected [Register for an affiliate accoun] but found [Register for an affiliate account]]]>
            </message>
            <full-stacktrace>
              <![CDATA[java.lang.AssertionError: expected [Register for an affiliate accoun] but found [Register for an affiliate account]
at org.testng.Assert.fail(Assert.java:110)
at org.testng.Assert.failNotEquals(Assert.java:1577)
at org.testng.Assert.assertEqualsImpl(Assert.java:149)
at org.testng.Assert.assertEquals(Assert.java:131)
at org.testng.Assert.assertEquals(Assert.java:655)
at org.testng.Assert.assertEquals(Assert.java:665)
at testcases.AffiliateTest.regisTer(AffiliateTest.java:24)
at java.base/jdk.internal.reflect.NativeMethodAccessorImpl.invoke0(Native Method)
at java.base/jdk.internal.reflect.NativeMethodAccessorImpl.invoke(NativeMethodAccessorImpl.java:77)
at java.base/jdk.internal.reflect.DelegatingMethodAccessorImpl.invoke(DelegatingMethodAccessorImpl.java:43)
at java.base/java.lang.reflect.Method.invoke(Method.java:568)
at org.testng.internal.invokers.MethodInvocationHelper.invokeMethod(MethodInvocationHelper.java:139)
at org.testng.internal.invokers.TestInvoker.invokeMethod(TestInvoker.java:677)
at org.testng.internal.invokers.TestInvoker.invokeTestMethod(TestInvoker.java:221)
at org.testng.internal.invokers.MethodRunner.runInSequence(MethodRunner.java:50)
at org.testng.internal.invokers.TestInvoker$MethodInvocationAgent.invoke(TestInvoker.java:969)
at org.testng.internal.invokers.TestInvoker.invokeTestMethods(TestInvoker.java:194)
at org.testng.internal.invokers.TestMethodWorker.invokeTestMethods(TestMethodWorker.java:148)
at org.testng.internal.invokers.TestMethodWorker.run(TestMethodWorker.java:128)
at java.base/java.util.concurrent.ThreadPoolExecutor.runWorker(ThreadPoolExecutor.java:1136)
at java.base/java.util.concurrent.ThreadPoolExecutor$Worker.run(ThreadPoolExecutor.java:635)
at java.base/java.lang.Thread.run(Thread.java:833)
]]>
            </full-stacktrace>
          </exception> <!-- java.lang.AssertionError -->
          <reporter-output>
          </reporter-output>
        </test-method> <!-- regisTer -->
        <test-method is-config="true" signature="close()[pri:0, instance:testcases.AffiliateTest@5b38c1ec]" started-at="2023-06-24T19:22:57 IST" name="close" finished-at="2023-06-24T19:23:05 IST" duration-ms="7955" status="PASS">
          <reporter-output>
          </reporter-output>
        </test-method> <!-- close -->
      </class> <!-- testcases.AffiliateTest -->
      <class name="testcases.DashBoardTest">
        <test-method is-config="true" signature="openweb()[pri:0, instance:testcases.DashBoardTest@239a307b]" started-at="2023-06-24T19:22:15 IST" name="openweb" finished-at="2023-06-24T19:22:54 IST" duration-ms="39390" status="PASS">
          <reporter-output>
          </reporter-output>
        </test-method> <!-- openweb -->
        <test-method signature="camera()[pri:0, instance:testcases.DashBoardTest@239a307b]" started-at="2023-06-24T19:22:54 IST" name="camera" finished-at="2023-06-24T19:22:56 IST" duration-ms="1489" status="PASS">
          <reporter-output>
          </reporter-output>
        </test-method> <!-- camera -->
        <test-method is-config="true" signature="close()[pri:0, instance:testcases.DashBoardTest@239a307b]" started-at="2023-06-24T19:22:56 IST" name="close" finished-at="2023-06-24T19:23:03 IST" duration-ms="6839" status="PASS">
          <reporter-output>
          </reporter-output>
        </test-method> <!-- close -->
      </class> <!-- testcases.DashBoardTest -->
      <class name="testcases.MyAccountModulTest">
        <test-method is-config="true" signature="openweb()[pri:0, instance:testcases.MyAccountModulTest@15a34df2]" started-at="2023-06-24T19:22:15 IST" name="openweb" finished-at="2023-06-24T19:22:56 IST" duration-ms="40795" status="PASS">
          <reporter-output>
          </reporter-output>
        </test-method> <!-- openweb -->
        <test-method signature="MyAccountModuleTest()[pri:0, instance:testcases.MyAccountModulTest@15a34df2]" started-at="2023-06-24T19:22:56 IST" name="MyAccountModuleTest" finished-at="2023-06-24T19:22:57 IST" duration-ms="851" status="PASS">
          <reporter-output>
          </reporter-output>
        </test-method> <!-- MyAccountModuleTest -->
        <test-method signature="addressbook()[pri:0, instance:testcases.MyAccountModulTest@15a34df2]" started-at="2023-06-24T19:22:57 IST" name="addressbook" finished-at="2023-06-24T19:22:57 IST" duration-ms="700" status="PASS">
          <reporter-output>
          </reporter-output>
        </test-method> <!-- addressbook -->
        <test-method signature="editinformation()[pri:0, instance:testcases.MyAccountModulTest@15a34df2]" started-at="2023-06-24T19:22:57 IST" name="editinformation" finished-at="2023-06-24T19:22:58 IST" duration-ms="213" status="FAIL">
          <exception class="java.lang.AssertionError">
            <message>
              <![CDATA[expected [Modify your address book entries] but found [Edit your account information]]]>
            </message>
            <full-stacktrace>
              <![CDATA[java.lang.AssertionError: expected [Modify your address book entries] but found [Edit your account information]
at org.testng.Assert.fail(Assert.java:110)
at org.testng.Assert.failNotEquals(Assert.java:1577)
at org.testng.Assert.assertEqualsImpl(Assert.java:149)
at org.testng.Assert.assertEquals(Assert.java:131)
at org.testng.Assert.assertEquals(Assert.java:655)
at org.testng.Assert.assertEquals(Assert.java:665)
at testcases.MyAccountModulTest.editinformation(MyAccountModulTest.java:27)
at java.base/jdk.internal.reflect.NativeMethodAccessorImpl.invoke0(Native Method)
at java.base/jdk.internal.reflect.NativeMethodAccessorImpl.invoke(NativeMethodAccessorImpl.java:77)
at java.base/jdk.internal.reflect.DelegatingMethodAccessorImpl.invoke(DelegatingMethodAccessorImpl.java:43)
at java.base/java.lang.reflect.Method.invoke(Method.java:568)
at org.testng.internal.invokers.MethodInvocationHelper.invokeMethod(MethodInvocationHelper.java:139)
at org.testng.internal.invokers.TestInvoker.invokeMethod(TestInvoker.java:677)
at org.testng.internal.invokers.TestInvoker.invokeTestMethod(TestInvoker.java:221)
at org.testng.internal.invokers.MethodRunner.runInSequence(MethodRunner.java:50)
at org.testng.internal.invokers.TestInvoker$MethodInvocationAgent.invoke(TestInvoker.java:969)
at org.testng.internal.invokers.TestInvoker.invokeTestMethods(TestInvoker.java:194)
at org.testng.internal.invokers.TestMethodWorker.invokeTestMethods(TestMethodWorker.java:148)
at org.testng.internal.invokers.TestMethodWorker.run(TestMethodWorker.java:128)
at java.base/java.util.concurrent.ThreadPoolExecutor.runWorker(ThreadPoolExecutor.java:1136)
at java.base/java.util.concurrent.ThreadPoolExecutor$Worker.run(ThreadPoolExecutor.java:635)
at java.base/java.lang.Thread.run(Thread.java:833)
]]>
            </full-stacktrace>
          </exception> <!-- java.lang.AssertionError -->
          <reporter-output>
          </reporter-output>
        </test-method> <!-- editinformation -->
        <test-method signature="wishlist()[pri:0, instance:testcases.MyAccountModulTest@15a34df2]" started-at="2023-06-24T19:22:58 IST" name="wishlist" finished-at="2023-06-24T19:22:58 IST" duration-ms="590" status="PASS">
          <reporter-output>
          </reporter-output>
        </test-method> <!-- wishlist -->
        <test-method is-config="true" signature="close()[pri:0, instance:testcases.MyAccountModulTest@15a34df2]" started-at="2023-06-24T19:22:58 IST" name="close" finished-at="2023-06-24T19:23:03 IST" duration-ms="4866" status="PASS">
          <reporter-output>
          </reporter-output>
        </test-method> <!-- close -->
      </class> <!-- testcases.MyAccountModulTest -->
      <class name="testcases.NewsletterTest">
        <test-method is-config="true" signature="openweb()[pri:0, instance:testcases.NewsletterTest@338fc1d8]" started-at="2023-06-24T19:23:03 IST" name="openweb" finished-at="2023-06-24T19:23:18 IST" duration-ms="14744" status="PASS">
          <reporter-output>
          </reporter-output>
        </test-method> <!-- openweb -->
        <test-method signature="newsletter()[pri:0, instance:testcases.NewsletterTest@338fc1d8]" started-at="2023-06-24T19:23:18 IST" name="newsletter" finished-at="2023-06-24T19:23:18 IST" duration-ms="201" status="PASS">
          <reporter-output>
          </reporter-output>
        </test-method> <!-- newsletter -->
        <test-method signature="subscribeUnsuscribe()[pri:0, instance:testcases.NewsletterTest@338fc1d8]" started-at="2023-06-24T19:23:18 IST" name="subscribeUnsuscribe" finished-at="2023-06-24T19:23:18 IST" duration-ms="302" status="PASS">
          <reporter-output>
          </reporter-output>
        </test-method> <!-- subscribeUnsuscribe -->
        <test-method signature="subscribeclick()[pri:0, instance:testcases.NewsletterTest@338fc1d8]" started-at="2023-06-24T19:23:18 IST" name="subscribeclick" finished-at="2023-06-24T19:23:25 IST" duration-ms="6975" status="PASS">
          <reporter-output>
          </reporter-output>
        </test-method> <!-- subscribeclick -->
        <test-method signature="unsuscribe()[pri:0, instance:testcases.NewsletterTest@338fc1d8]" started-at="2023-06-24T19:23:25 IST" name="unsuscribe" finished-at="2023-06-24T19:23:25 IST" duration-ms="206" status="FAIL">
          <exception class="java.lang.AssertionError">
            <message>
              <![CDATA[expected [Subscribe / unsubscribe to newslette] but found [Subscribe / unsubscribe to newsletter]]]>
            </message>
            <full-stacktrace>
              <![CDATA[java.lang.AssertionError: expected [Subscribe / unsubscribe to newslette] but found [Subscribe / unsubscribe to newsletter]
at org.testng.Assert.fail(Assert.java:110)
at org.testng.Assert.failNotEquals(Assert.java:1577)
at org.testng.Assert.assertEqualsImpl(Assert.java:149)
at org.testng.Assert.assertEquals(Assert.java:131)
at org.testng.Assert.assertEquals(Assert.java:655)
at org.testng.Assert.assertEquals(Assert.java:665)
at testcases.NewsletterTest.unsuscribe(NewsletterTest.java:31)
at java.base/jdk.internal.reflect.NativeMethodAccessorImpl.invoke0(Native Method)
at java.base/jdk.internal.reflect.NativeMethodAccessorImpl.invoke(NativeMethodAccessorImpl.java:77)
at java.base/jdk.internal.reflect.DelegatingMethodAccessorImpl.invoke(DelegatingMethodAccessorImpl.java:43)
at java.base/java.lang.reflect.Method.invoke(Method.java:568)
at org.testng.internal.invokers.MethodInvocationHelper.invokeMethod(MethodInvocationHelper.java:139)
at org.testng.internal.invokers.TestInvoker.invokeMethod(TestInvoker.java:677)
at org.testng.internal.invokers.TestInvoker.invokeTestMethod(TestInvoker.java:221)
at org.testng.internal.invokers.MethodRunner.runInSequence(MethodRunner.java:50)
at org.testng.internal.invokers.TestInvoker$MethodInvocationAgent.invoke(TestInvoker.java:969)
at org.testng.internal.invokers.TestInvoker.invokeTestMethods(TestInvoker.java:194)
at org.testng.internal.invokers.TestMethodWorker.invokeTestMethods(TestMethodWorker.java:148)
at org.testng.internal.invokers.TestMethodWorker.run(TestMethodWorker.java:128)
at java.base/java.util.concurrent.ThreadPoolExecutor.runWorker(ThreadPoolExecutor.java:1136)
at java.base/java.util.concurrent.ThreadPoolExecutor$Worker.run(ThreadPoolExecutor.java:635)
at java.base/java.lang.Thread.run(Thread.java:833)
]]>
            </full-stacktrace>
          </exception> <!-- java.lang.AssertionError -->
          <reporter-output>
          </reporter-output>
        </test-method> <!-- unsuscribe -->
        <test-method is-config="true" signature="close()[pri:0, instance:testcases.NewsletterTest@338fc1d8]" started-at="2023-06-24T19:23:26 IST" name="close" finished-at="2023-06-24T19:23:31 IST" duration-ms="5627" status="PASS">
          <reporter-output>
          </reporter-output>
        </test-method> <!-- close -->
      </class> <!-- testcases.NewsletterTest -->
      <class name="testcases.IphoneBuyTest">
        <test-method is-config="true" signature="openweb()[pri:0, instance:testcases.IphoneBuyTest@4722ef0c]" started-at="2023-06-24T19:23:04 IST" name="openweb" finished-at="2023-06-24T19:23:18 IST" duration-ms="14243" status="PASS">
          <reporter-output>
          </reporter-output>
        </test-method> <!-- openweb -->
        <test-method signature="Search()[pri:1, instance:testcases.IphoneBuyTest@4722ef0c]" started-at="2023-06-24T19:23:18 IST" name="Search" finished-at="2023-06-24T19:23:21 IST" duration-ms="3406" status="PASS">
          <reporter-output>
          </reporter-output>
        </test-method> <!-- Search -->
        <test-method signature="ClickOnSearch()[pri:2, instance:testcases.IphoneBuyTest@4722ef0c]" started-at="2023-06-24T19:23:21 IST" name="ClickOnSearch" finished-at="2023-06-24T19:23:25 IST" duration-ms="3590" status="PASS">
          <reporter-output>
          </reporter-output>
        </test-method> <!-- ClickOnSearch -->
        <test-method signature="iPhonetab()[pri:3, instance:testcases.IphoneBuyTest@4722ef0c]" started-at="2023-06-24T19:23:25 IST" name="iPhonetab" finished-at="2023-06-24T19:23:29 IST" duration-ms="4073" status="PASS">
          <reporter-output>
          </reporter-output>
        </test-method> <!-- iPhonetab -->
        <test-method signature="previewOfIphone()[pri:4, instance:testcases.IphoneBuyTest@4722ef0c]" started-at="2023-06-24T19:23:29 IST" name="previewOfIphone" finished-at="2023-06-24T19:23:33 IST" duration-ms="4545" status="PASS">
          <reporter-output>
          </reporter-output>
        </test-method> <!-- previewOfIphone -->
        <test-method signature="clickNextButton()[pri:5, instance:testcases.IphoneBuyTest@4722ef0c]" started-at="2023-06-24T19:23:33 IST" name="clickNextButton" finished-at="2023-06-24T19:23:44 IST" duration-ms="10953" status="PASS">
          <reporter-output>
          </reporter-output>
        </test-method> <!-- clickNextButton -->
        <test-method signature="closePriviewbutton()[pri:6, instance:testcases.IphoneBuyTest@4722ef0c]" started-at="2023-06-24T19:23:44 IST" name="closePriviewbutton" finished-at="2023-06-24T19:23:48 IST" duration-ms="3301" status="PASS">
          <reporter-output>
          </reporter-output>
        </test-method> <!-- closePriviewbutton -->
        <test-method signature="AddToCart()[pri:7, instance:testcases.IphoneBuyTest@4722ef0c]" started-at="2023-06-24T19:23:48 IST" name="AddToCart" finished-at="2023-06-24T19:23:50 IST" duration-ms="2207" status="PASS">
          <reporter-output>
          </reporter-output>
        </test-method> <!-- AddToCart -->
        <test-method signature="cart()[pri:8, instance:testcases.IphoneBuyTest@4722ef0c]" started-at="2023-06-24T19:23:50 IST" name="cart" finished-at="2023-06-24T19:23:52 IST" duration-ms="2323" status="PASS">
          <reporter-output>
          </reporter-output>
        </test-method> <!-- cart -->
        <test-method signature="buyProduct()[pri:9, instance:testcases.IphoneBuyTest@4722ef0c]" started-at="2023-06-24T19:23:52 IST" name="buyProduct" finished-at="2023-06-24T19:23:55 IST" duration-ms="2984" status="PASS">
          <reporter-output>
          </reporter-output>
        </test-method> <!-- buyProduct -->
        <test-method is-config="true" signature="close()[pri:0, instance:testcases.IphoneBuyTest@4722ef0c]" started-at="2023-06-24T19:23:55 IST" name="close" finished-at="2023-06-24T19:23:56 IST" duration-ms="876" status="PASS">
          <reporter-output>
          </reporter-output>
        </test-method> <!-- close -->
      </class> <!-- testcases.IphoneBuyTest -->
      <class name="testcases.LogInPageTest">
        <test-method is-config="true" signature="openweb()[pri:0, instance:testcases.LogInPageTest@48e1f6c7]" started-at="2023-06-24T19:22:15 IST" name="openweb" finished-at="2023-06-24T19:22:56 IST" duration-ms="40821" status="PASS">
          <reporter-output>
          </reporter-output>
        </test-method> <!-- openweb -->
        <test-method signature="LogInPager()[pri:0, instance:testcases.LogInPageTest@48e1f6c7]" started-at="2023-06-24T19:22:56 IST" name="LogInPager" finished-at="2023-06-24T19:23:00 IST" duration-ms="3646" status="PASS">
          <reporter-output>
          </reporter-output>
        </test-method> <!-- LogInPager -->
        <test-method signature="cameras()[pri:0, instance:testcases.LogInPageTest@48e1f6c7]" started-at="2023-06-24T19:23:00 IST" name="cameras" finished-at="2023-06-24T19:23:03 IST" duration-ms="3371" status="PASS">
          <reporter-output>
          </reporter-output>
        </test-method> <!-- cameras -->
        <test-method signature="components()[pri:0, instance:testcases.LogInPageTest@48e1f6c7]" started-at="2023-06-24T19:23:03 IST" name="components" finished-at="2023-06-24T19:23:06 IST" duration-ms="3187" status="PASS">
          <reporter-output>
          </reporter-output>
        </test-method> <!-- components -->
        <test-method signature="desktopButto()[pri:0, instance:testcases.LogInPageTest@48e1f6c7]" started-at="2023-06-24T19:23:06 IST" name="desktopButto" finished-at="2023-06-24T19:23:10 IST" duration-ms="3925" status="PASS">
          <reporter-output>
          </reporter-output>
        </test-method> <!-- desktopButto -->
        <test-method signature="laptopsandNotebooks()[pri:0, instance:testcases.LogInPageTest@48e1f6c7]" started-at="2023-06-24T19:23:10 IST" name="laptopsandNotebooks" finished-at="2023-06-24T19:23:13 IST" duration-ms="3139" status="PASS">
          <reporter-output>
          </reporter-output>
        </test-method> <!-- laptopsandNotebooks -->
        <test-method signature="mp3Players()[pri:0, instance:testcases.LogInPageTest@48e1f6c7]" started-at="2023-06-24T19:23:13 IST" name="mp3Players" finished-at="2023-06-24T19:23:17 IST" duration-ms="4021" status="PASS">
          <reporter-output>
          </reporter-output>
        </test-method> <!-- mp3Players -->
        <test-method signature="phonesandPdas()[pri:0, instance:testcases.LogInPageTest@48e1f6c7]" started-at="2023-06-24T19:23:17 IST" name="phonesandPdas" finished-at="2023-06-24T19:23:21 IST" duration-ms="3659" status="PASS">
          <reporter-output>
          </reporter-output>
        </test-method> <!-- phonesandPdas -->
        <test-method signature="software()[pri:0, instance:testcases.LogInPageTest@48e1f6c7]" started-at="2023-06-24T19:23:21 IST" name="software" finished-at="2023-06-24T19:23:21 IST" duration-ms="58" status="FAIL">
          <exception class="java.lang.AssertionError">
            <message>
              <![CDATA[expected [true] but found [false]]]>
            </message>
            <full-stacktrace>
              <![CDATA[java.lang.AssertionError: expected [true] but found [false]
at org.testng.Assert.fail(Assert.java:110)
at org.testng.Assert.failNotEquals(Assert.java:1577)
at org.testng.Assert.assertTrue(Assert.java:56)
at org.testng.Assert.assertTrue(Assert.java:66)
at testcases.LogInPageTest.software(LogInPageTest.java:58)
at java.base/jdk.internal.reflect.NativeMethodAccessorImpl.invoke0(Native Method)
at java.base/jdk.internal.reflect.NativeMethodAccessorImpl.invoke(NativeMethodAccessorImpl.java:77)
at java.base/jdk.internal.reflect.DelegatingMethodAccessorImpl.invoke(DelegatingMethodAccessorImpl.java:43)
at java.base/java.lang.reflect.Method.invoke(Method.java:568)
at org.testng.internal.invokers.MethodInvocationHelper.invokeMethod(MethodInvocationHelper.java:139)
at org.testng.internal.invokers.TestInvoker.invokeMethod(TestInvoker.java:677)
at org.testng.internal.invokers.TestInvoker.invokeTestMethod(TestInvoker.java:221)
at org.testng.internal.invokers.MethodRunner.runInSequence(MethodRunner.java:50)
at org.testng.internal.invokers.TestInvoker$MethodInvocationAgent.invoke(TestInvoker.java:969)
at org.testng.internal.invokers.TestInvoker.invokeTestMethods(TestInvoker.java:194)
at org.testng.internal.invokers.TestMethodWorker.invokeTestMethods(TestMethodWorker.java:148)
at org.testng.internal.invokers.TestMethodWorker.run(TestMethodWorker.java:128)
at java.base/java.util.concurrent.ThreadPoolExecutor.runWorker(ThreadPoolExecutor.java:1136)
at java.base/java.util.concurrent.ThreadPoolExecutor$Worker.run(ThreadPoolExecutor.java:635)
at java.base/java.lang.Thread.run(Thread.java:833)
]]>
            </full-stacktrace>
          </exception> <!-- java.lang.AssertionError -->
          <reporter-output>
          </reporter-output>
        </test-method> <!-- software -->
        <test-method signature="tablets()[pri:0, instance:testcases.LogInPageTest@48e1f6c7]" started-at="2023-06-24T19:23:21 IST" name="tablets" finished-at="2023-06-24T19:23:21 IST" duration-ms="56" status="FAIL">
          <exception class="java.lang.AssertionError">
            <message>
              <![CDATA[expected [true] but found [false]]]>
            </message>
            <full-stacktrace>
              <![CDATA[java.lang.AssertionError: expected [true] but found [false]
at org.testng.Assert.fail(Assert.java:110)
at org.testng.Assert.failNotEquals(Assert.java:1577)
at org.testng.Assert.assertTrue(Assert.java:56)
at org.testng.Assert.assertTrue(Assert.java:66)
at testcases.LogInPageTest.tablets(LogInPageTest.java:51)
at java.base/jdk.internal.reflect.NativeMethodAccessorImpl.invoke0(Native Method)
at java.base/jdk.internal.reflect.NativeMethodAccessorImpl.invoke(NativeMethodAccessorImpl.java:77)
at java.base/jdk.internal.reflect.DelegatingMethodAccessorImpl.invoke(DelegatingMethodAccessorImpl.java:43)
at java.base/java.lang.reflect.Method.invoke(Method.java:568)
at org.testng.internal.invokers.MethodInvocationHelper.invokeMethod(MethodInvocationHelper.java:139)
at org.testng.internal.invokers.TestInvoker.invokeMethod(TestInvoker.java:677)
at org.testng.internal.invokers.TestInvoker.invokeTestMethod(TestInvoker.java:221)
at org.testng.internal.invokers.MethodRunner.runInSequence(MethodRunner.java:50)
at org.testng.internal.invokers.TestInvoker$MethodInvocationAgent.invoke(TestInvoker.java:969)
at org.testng.internal.invokers.TestInvoker.invokeTestMethods(TestInvoker.java:194)
at org.testng.internal.invokers.TestMethodWorker.invokeTestMethods(TestMethodWorker.java:148)
at org.testng.internal.invokers.TestMethodWorker.run(TestMethodWorker.java:128)
at java.base/java.util.concurrent.ThreadPoolExecutor.runWorker(ThreadPoolExecutor.java:1136)
at java.base/java.util.concurrent.ThreadPoolExecutor$Worker.run(ThreadPoolExecutor.java:635)
at java.base/java.lang.Thread.run(Thread.java:833)
]]>
            </full-stacktrace>
          </exception> <!-- java.lang.AssertionError -->
          <reporter-output>
          </reporter-output>
        </test-method> <!-- tablets -->
        <test-method is-config="true" signature="close()[pri:0, instance:testcases.LogInPageTest@48e1f6c7]" started-at="2023-06-24T19:23:21 IST" name="close" finished-at="2023-06-24T19:23:24 IST" duration-ms="2748" status="PASS">
          <reporter-output>
          </reporter-output>
        </test-method> <!-- close -->
      </class> <!-- testcases.LogInPageTest -->
      <class name="testcases.MyOrdersTest">
        <test-method is-config="true" signature="openweb()[pri:0, instance:testcases.MyOrdersTest@55cb6996]" started-at="2023-06-24T19:22:15 IST" name="openweb" finished-at="2023-06-24T19:22:56 IST" duration-ms="40798" status="PASS">
          <reporter-output>
          </reporter-output>
        </test-method> <!-- openweb -->
        <test-method signature="MyOrder()[pri:0, instance:testcases.MyOrdersTest@55cb6996]" started-at="2023-06-24T19:22:56 IST" name="MyOrder" finished-at="2023-06-24T19:22:56 IST" duration-ms="637" status="PASS">
          <reporter-output>
          </reporter-output>
        </test-method> <!-- MyOrder -->
        <test-method signature="download()[pri:0, instance:testcases.MyOrdersTest@55cb6996]" started-at="2023-06-24T19:22:56 IST" name="download" finished-at="2023-06-24T19:22:57 IST" duration-ms="470" status="PASS">
          <reporter-output>
          </reporter-output>
        </test-method> <!-- download -->
        <test-method signature="recurringPayment()[pri:0, instance:testcases.MyOrdersTest@55cb6996]" started-at="2023-06-24T19:22:57 IST" name="recurringPayment" finished-at="2023-06-24T19:22:57 IST" duration-ms="368" status="PASS">
          <reporter-output>
          </reporter-output>
        </test-method> <!-- recurringPayment -->
        <test-method signature="viewYourReturnReque()[pri:0, instance:testcases.MyOrdersTest@55cb6996]" started-at="2023-06-24T19:22:57 IST" name="viewYourReturnReque" finished-at="2023-06-24T19:22:58 IST" duration-ms="214" status="FAIL">
          <exception class="java.lang.AssertionError">
            <message>
              <![CDATA[expected [viewYourReturnRequest] but found [View your return requests]]]>
            </message>
            <full-stacktrace>
              <![CDATA[java.lang.AssertionError: expected [viewYourReturnRequest] but found [View your return requests]
at org.testng.Assert.fail(Assert.java:110)
at org.testng.Assert.failNotEquals(Assert.java:1577)
at org.testng.Assert.assertEqualsImpl(Assert.java:149)
at org.testng.Assert.assertEquals(Assert.java:131)
at org.testng.Assert.assertEquals(Assert.java:655)
at org.testng.Assert.assertEquals(Assert.java:665)
at testcases.MyOrdersTest.viewYourReturnReque(MyOrdersTest.java:72)
at java.base/jdk.internal.reflect.NativeMethodAccessorImpl.invoke0(Native Method)
at java.base/jdk.internal.reflect.NativeMethodAccessorImpl.invoke(NativeMethodAccessorImpl.java:77)
at java.base/jdk.internal.reflect.DelegatingMethodAccessorImpl.invoke(DelegatingMethodAccessorImpl.java:43)
at java.base/java.lang.reflect.Method.invoke(Method.java:568)
at org.testng.internal.invokers.MethodInvocationHelper.invokeMethod(MethodInvocationHelper.java:139)
at org.testng.internal.invokers.TestInvoker.invokeMethod(TestInvoker.java:677)
at org.testng.internal.invokers.TestInvoker.invokeTestMethod(TestInvoker.java:221)
at org.testng.internal.invokers.MethodRunner.runInSequence(MethodRunner.java:50)
at org.testng.internal.invokers.TestInvoker$MethodInvocationAgent.invoke(TestInvoker.java:969)
at org.testng.internal.invokers.TestInvoker.invokeTestMethods(TestInvoker.java:194)
at org.testng.internal.invokers.TestMethodWorker.invokeTestMethods(TestMethodWorker.java:148)
at org.testng.internal.invokers.TestMethodWorker.run(TestMethodWorker.java:128)
at java.base/java.util.concurrent.ThreadPoolExecutor.runWorker(ThreadPoolExecutor.java:1136)
at java.base/java.util.concurrent.ThreadPoolExecutor$Worker.run(ThreadPoolExecutor.java:635)
at java.base/java.lang.Thread.run(Thread.java:833)
]]>
            </full-stacktrace>
          </exception> <!-- java.lang.AssertionError -->
          <reporter-output>
          </reporter-output>
        </test-method> <!-- viewYourReturnReque -->
        <test-method signature="viewYourReturnRequest()[pri:0, instance:testcases.MyOrdersTest@55cb6996]" started-at="2023-06-24T19:22:58 IST" name="viewYourReturnRequest" finished-at="2023-06-24T19:22:58 IST" duration-ms="246" status="PASS">
          <reporter-output>
          </reporter-output>
        </test-method> <!-- viewYourReturnRequest -->
        <test-method signature="viewyourorderhis()[pri:0, instance:testcases.MyOrdersTest@55cb6996]" started-at="2023-06-24T19:22:58 IST" name="viewyourorderhis" finished-at="2023-06-24T19:22:58 IST" duration-ms="219" status="PASS">
          <reporter-output>
          </reporter-output>
        </test-method> <!-- viewyourorderhis -->
        <test-method signature="yourRewardPoint()[pri:0, instance:testcases.MyOrdersTest@55cb6996]" started-at="2023-06-24T19:22:58 IST" name="yourRewardPoint" finished-at="2023-06-24T19:22:58 IST" duration-ms="480" status="PASS">
          <reporter-output>
          </reporter-output>
        </test-method> <!-- yourRewardPoint -->
        <test-method signature="yourTransactions()[pri:0, instance:testcases.MyOrdersTest@55cb6996]" started-at="2023-06-24T19:22:58 IST" name="yourTransactions" finished-at="2023-06-24T19:22:59 IST" duration-ms="397" status="PASS">
          <reporter-output>
          </reporter-output>
        </test-method> <!-- yourTransactions -->
        <test-method is-config="true" signature="close()[pri:0, instance:testcases.MyOrdersTest@55cb6996]" started-at="2023-06-24T19:22:59 IST" name="close" finished-at="2023-06-24T19:23:04 IST" duration-ms="4656" status="PASS">
          <reporter-output>
          </reporter-output>
        </test-method> <!-- close -->
      </class> <!-- testcases.MyOrdersTest -->
    </test> <!-- Test -->
  </suite> <!-- Suite -->
</testng-results>
