<?xml version="1.0" encoding="UTF-8"?>
<testng-results ignored="0" total="1" passed="1" failed="0" skipped="0">
  <reporter-output>
  </reporter-output>
  <suite started-at="2023-06-14T22:39:19 IST" name="Default suite" finished-at="2023-06-14T22:39:46 IST" duration-ms="26627">
    <groups>
    </groups>
    <test started-at="2023-06-14T22:39:19 IST" name="Default test" finished-at="2023-06-14T22:39:46 IST" duration-ms="26627">
      <class name="testcases.CameraTabTest">
        <test-method is-config="true" signature="openweb()[pri:0, instance:testcases.CameraTabTest@f78a47e]" started-at="2023-06-14T22:39:19 IST" name="openweb" finished-at="2023-06-14T22:39:42 IST" duration-ms="23360" status="PASS">
          <reporter-output>
          </reporter-output>
        </test-method> <!-- openweb -->
        <test-method signature="cameraTab()[pri:0, instance:testcases.CameraTabTest@f78a47e]" started-at="2023-06-14T22:39:42 IST" name="cameraTab" finished-at="2023-06-14T22:39:43 IST" duration-ms="760" status="PASS">
          <reporter-output>
          </reporter-output>
        </test-method> <!-- cameraTab -->
        <test-method is-config="true" signature="close()[pri:0, instance:testcases.CameraTabTest@f78a47e]" started-at="2023-06-14T22:39:43 IST" name="close" finished-at="2023-06-14T22:39:46 IST" duration-ms="2407" status="PASS">
          <reporter-output>
          </reporter-output>
        </test-method> <!-- close -->
      </class> <!-- testcases.CameraTabTest -->
    </test> <!-- Default test -->
  </suite> <!-- Default suite -->
</testng-results>
